0.000000 -40.000000 -30.000000 
12.000000 1.000000 1.000000 
16.000000 2.000000 1.000000 

0.000000 -40.000000 -30.000000 
12.000000 1.000000 1.000000 
8.000000 1.000000 0.500000 


320.000000 0.000000 -10.000000 
4.000000 0.000000 0.500000 
8.000000 1.000000 0.500000 

320.000000 20.000000 -10.000000 
4.000000 -0.500000 0.500000 
8.000000 0.500000 0.500000 
############################################
320.000000 20.000000 -10.000000 
4.000000 -0.500000 0.500000 
8.000000 0.500000 0.500000 

320.000000 20.000000 -10.000000 
8.000000 -1.000000 1.000000 
8.000000 0.500000 0.500000 


400.000000 10.000000 0.000000 
8.000000 -1.000000 1.000000 
4.000000 1.000000 0.000000 

400.000000 10.000000 20.000000 
8.000000 -1.000000 2.000000 
4.000000 1.000000 -1.000000 
############################################
Optimal Value